<?xml version="1.0" encoding="UTF-8"?>
<coverage generated="1758775802868" clover="3.2.0">
  <project timestamp="1758775802868" name="All files">
    <metrics statements="18" coveredstatements="15" conditionals="4" coveredconditionals="3" methods="4" coveredmethods="3" elements="26" coveredelements="21" complexity="0" loc="18" ncloc="18" packages="1" files="1" classes="1"/>
    <file name="app.js" path="/Users/himesh/demo-devops-pipeline/app/app.js">
      <metrics statements="18" coveredstatements="15" conditionals="4" coveredconditionals="3" methods="4" coveredmethods="3"/>
      <line num="1" count="1" type="stmt"/>
      <line num="2" count="1" type="stmt"/>
      <line num="4" count="1" type="stmt"/>
      <line num="5" count="1" type="cond" truecount="2" falsecount="0"/>
      <line num="8" count="1" type="stmt"/>
      <line num="10" count="1" type="stmt"/>
      <line num="11" count="1" type="stmt"/>
      <line num="14" count="1" type="stmt"/>
      <line num="15" count="1" type="stmt"/>
      <line num="18" count="1" type="stmt"/>
      <line num="19" count="1" type="stmt"/>
      <line num="20" count="1" type="stmt"/>
      <line num="21" count="1" type="stmt"/>
      <line num="23" count="0" type="stmt"/>
      <line num="27" count="1" type="cond" truecount="1" falsecount="1"/>
      <line num="28" count="0" type="stmt"/>
      <line num="29" count="0" type="stmt"/>
      <line num="33" count="1" type="stmt"/>
    </file>
  </project>
</coverage>
